The system is: Windows - 10.0.22621 - AMD64
Compiling the C compiler identification source file "CMakeCCompilerId.c" succeeded.
Compiler: C:/Program Files/Microsoft Visual Studio/2022/Community/VC/Tools/MSVC/14.33.31629/bin/Hostx86/x86/cl.exe 
Build flags: 
Id flags:  

The output was:
0
Microsoft (R) C/C++ Optimizing Compiler Version 19.33.31630 for x86
Copyright (C) Microsoft Corporation.  All rights reserved.

CMakeCCompilerId.c
Microsoft (R) Incremental Linker Version 14.33.31630.0
Copyright (C) Microsoft Corporation.  All rights reserved.

/out:CMakeCCompilerId.exe 
CMakeCCompilerId.obj 


Compilation of the C compiler identification source "CMakeCCompilerId.c" produced "CMakeCCompilerId.exe"

Compilation of the C compiler identification source "CMakeCCompilerId.c" produced "CMakeCCompilerId.obj"

The C compiler identification is MSVC, found in "D:/Q4/photogrammetry/assignment2/A2_Triangulation/A2_Triangulation_Code/cmake-build-release-visual-studio/CMakeFiles/3.23.2/CompilerIdC/CMakeCCompilerId.exe"

Compiling the CXX compiler identification source file "CMakeCXXCompilerId.cpp" succeeded.
Compiler: C:/Program Files/Microsoft Visual Studio/2022/Community/VC/Tools/MSVC/14.33.31629/bin/Hostx86/x86/cl.exe 
Build flags: 
Id flags:  

The output was:
0
Microsoft (R) C/C++ Optimizing Compiler Version 19.33.31630 for x86
Copyright (C) Microsoft Corporation.  All rights reserved.

CMakeCXXCompilerId.cpp
Microsoft (R) Incremental Linker Version 14.33.31630.0
Copyright (C) Microsoft Corporation.  All rights reserved.

/out:CMakeCXXCompilerId.exe 
CMakeCXXCompilerId.obj 


Compilation of the CXX compiler identification source "CMakeCXXCompilerId.cpp" produced "CMakeCXXCompilerId.exe"

Compilation of the CXX compiler identification source "CMakeCXXCompilerId.cpp" produced "CMakeCXXCompilerId.obj"

The CXX compiler identification is MSVC, found in "D:/Q4/photogrammetry/assignment2/A2_Triangulation/A2_Triangulation_Code/cmake-build-release-visual-studio/CMakeFiles/3.23.2/CompilerIdCXX/CMakeCXXCompilerId.exe"

Detecting C compiler ABI info compiled with the following output:
Change Dir: D:/Q4/photogrammetry/assignment2/A2_Triangulation/A2_Triangulation_Code/cmake-build-release-visual-studio/CMakeFiles/CMakeTmp

Run Build Command(s):C:/Program Files/JetBrains/CLion 2022.2.4/bin/ninja/win/ninja.exe cmTC_7709d && [1/2] Building C object CMakeFiles\cmTC_7709d.dir\CMakeCCompilerABI.c.obj
[2/2] Linking C executable cmTC_7709d.exe



Detecting CXX compiler ABI info compiled with the following output:
Change Dir: D:/Q4/photogrammetry/assignment2/A2_Triangulation/A2_Triangulation_Code/cmake-build-release-visual-studio/CMakeFiles/CMakeTmp

Run Build Command(s):C:/Program Files/JetBrains/CLion 2022.2.4/bin/ninja/win/ninja.exe cmTC_268ff && [1/2] Building CXX object CMakeFiles\cmTC_268ff.dir\CMakeCXXCompilerABI.cpp.obj
[2/2] Linking CXX executable cmTC_268ff.exe



Determining if the function sqrt exists passed with the following output:
Change Dir: D:/Q4/photogrammetry/assignment2/A2_Triangulation/A2_Triangulation_Code/cmake-build-release-visual-studio/CMakeFiles/CMakeTmp

Run Build Command(s):C:/Program Files/JetBrains/CLion 2022.2.4/bin/ninja/win/ninja.exe cmTC_01f69 && [1/2] Building C object CMakeFiles\cmTC_01f69.dir\CheckFunctionExists.c.obj
[2/2] Linking C executable cmTC_01f69.exe



